<?xml version="1.0" encoding="UTF-8"?>
<!-- Generated by org.testng.reporters.JUnitReportReporter -->
<testsuite hostname="PRASHANT" failures="0" tests="2" name="OHRM.Case_2" time="96.573" errors="0" timestamp="2023-10-06T01:34:16 IST" skipped="0">
  <testcase classname="OHRM.Case_2" name="LoginWithValidCredentials" time="39.365"/>
  <system-out/>
  <testcase classname="OHRM.Case_2" name="LoginWithINValidCredentials" time="57.208"/>
  <system-out/>
</testsuite> <!-- OHRM.Case_2 -->
