<?xml version="1.0" encoding="UTF-8"?>
<!-- Generated by org.testng.reporters.JUnitReportReporter -->
<testsuite hostname="PRASHANT" failures="0" tests="2" name="OHRM.LoginPageTC" time="60.778" errors="0" timestamp="2023-10-06T00:27:34 IST" skipped="0">
  <testcase classname="OHRM.LoginPageTC" name="LoginWithValidCredentials" time="32.901"/>
  <system-out/>
  <testcase classname="OHRM.LoginPageTC" name="LoginWithINValidCredentials" time="27.877"/>
  <system-out/>
</testsuite> <!-- OHRM.LoginPageTC -->
